<?xml version="1.0" encoding="UTF-8"?>
<!-- Generated by org.testng.reporters.JUnitReportReporter -->
<testsuite hostname="Saikethan_R" failures="0" tests="7" name="com.parabank.tests.TransferTests" time="52.278" errors="0" timestamp="2025-09-08T10:48:46 IST" skipped="0">
  <testcase classname="com.parabank.tests.TransferTests" name="transferParameterized" time="5.992"/>
  <testcase classname="com.parabank.tests.TransferTests" name="transferInvalidAccounts" time="13.926"/>
  <testcase classname="com.parabank.tests.TransferTests" name="transferNegativeAmount" time="5.560"/>
  <testcase classname="com.parabank.tests.TransferTests" name="transferParameterized" time="6.870"/>
  <testcase classname="com.parabank.tests.TransferTests" name="transferParameterized" time="9.786"/>
  <testcase classname="com.parabank.tests.TransferTests" name="transferParameterized" time="5.478"/>
  <testcase classname="com.parabank.tests.TransferTests" name="transferParameterized" time="4.666"/>
</testsuite> <!-- com.parabank.tests.TransferTests -->
