<?xml version="1.0" encoding="UTF-8"?>
<!-- Generated by org.testng.reporters.JUnitReportReporter -->
<testsuite hostname="Saikethan_R" failures="0" tests="1" name="com.parabank.tests.BalanceTests" time="10.703" errors="0" timestamp="2025-09-08T10:48:46 IST" skipped="0">
  <testcase classname="com.parabank.tests.BalanceTests" name="balanceAfterDeposit" time="10.703"/>
</testsuite> <!-- com.parabank.tests.BalanceTests -->
