<?xml version="1.0" encoding="UTF-8"?>
<!-- Generated by org.testng.reporters.JUnitReportReporter -->
<testsuite hostname="Saikethan_R" failures="0" tests="9" name="com.parabank.tests.LoanTests" time="58.438" errors="0" timestamp="2025-09-08T10:48:46 IST" skipped="0">
  <testcase classname="com.parabank.tests.LoanTests" name="applyLoanExceedingBalance" time="6.033"/>
  <testcase classname="com.parabank.tests.LoanTests" name="applyLoanInvalidInput" time="8.106"/>
  <testcase classname="com.parabank.tests.LoanTests" name="applyMinimumLoanAmount" time="4.992"/>
  <testcase classname="com.parabank.tests.LoanTests" name="applyLoanDownPaymentGreaterThanAmount" time="5.847"/>
  <testcase classname="com.parabank.tests.LoanTests" name="applyValidLoan" time="10.493"/>
  <testcase classname="com.parabank.tests.LoanTests" name="applyLoanEmptyFields" time="5.552"/>
  <testcase classname="com.parabank.tests.LoanTests" name="applyLoanZeroDownPayment" time="5.250"/>
  <testcase classname="com.parabank.tests.LoanTests" name="applyMaximumLoanAmount" time="5.551"/>
  <testcase classname="com.parabank.tests.LoanTests" name="applyLoanMultipleLoansLimit" time="6.614"/>
</testsuite> <!-- com.parabank.tests.LoanTests -->
