<?xml version="1.0" encoding="UTF-8"?>
<!-- Generated by org.testng.reporters.JUnitReportReporter -->
<testsuite hostname="Saikethan_R" failures="0" tests="3" name="com.parabank.tests.TransactionTests" time="26.139" errors="0" timestamp="2025-09-08T10:48:46 IST" skipped="0">
  <testcase classname="com.parabank.tests.TransactionTests" name="recentTransferAppearsInHistory" time="12.066"/>
  <testcase classname="com.parabank.tests.TransactionTests" name="searchByAmount" time="7.567"/>
  <testcase classname="com.parabank.tests.TransactionTests" name="searchByDate" time="6.506"/>
</testsuite> <!-- com.parabank.tests.TransactionTests -->
